-1.5
-encoding
UTF-8
-source
1.5
-target
1.5
-classpath
C:\Users\sannies\.m2\repository\org\aspectj\aspectjrt\1.8.6\aspectjrt-1.8.6.jar;C:\Users\sannies\.m2\repository\com\google\android\android\1.6_r2\android-1.6_r2.jar;C:\Users\sannies\.m2\repository\junit\junit\4.10\junit-4.10.jar;C:\Users\sannies\.m2\repository\commons-io\commons-io\2.4\commons-io-2.4.jar;C:\Users\sannies\.m2\repository\commons-codec\commons-codec\1.8\commons-codec-1.8.jar;C:\Users\sannies\.m2\repository\commons-logging\commons-logging\1.1.1\commons-logging-1.1.1.jar;C:\Users\sannies\.m2\repository\org\apache\httpcomponents\httpclient\4.0.1\httpclient-4.0.1.jar;C:\Users\sannies\.m2\repository\org\apache\httpcomponents\httpcore\4.0.1\httpcore-4.0.1.jar;C:\Users\sannies\.m2\repository\org\khronos\opengl-api\gl1.1-android-2.1_r1\opengl-api-gl1.1-android-2.1_r1.jar;C:\Users\sannies\.m2\repository\xerces\xmlParserAPIs\2.6.2\xmlParserAPIs-2.6.2.jar;C:\Users\sannies\.m2\repository\xpp3\xpp3\1.1.4c\xpp3-1.1.4c.jar;C:\Users\sannies\.m2\repository\org\hamcrest\hamcrest-core\1.1\hamcrest-core-1.1.jar;C:\dev\mp4parser\target\checkout\isoparser\target\classes
-d
C:\dev\mp4parser\target\checkout\isoparser\target\classes
C:\dev\mp4parser\target\checkout\isoparser\src\main\java\org\mp4parser\AbstractBoxParser.java
C:\dev\mp4parser\target\checkout\isoparser\src\main\java\org\mp4parser\BasicContainer.java
C:\dev\mp4parser\target\checkout\isoparser\src\main\java\org\mp4parser\Box.java
C:\dev\mp4parser\target\checkout\isoparser\src\main\java\org\mp4parser\boxes\adobe\ActionMessageFormat0SampleEntryBox.java
C:\dev\mp4parser\target\checkout\isoparser\src\main\java\org\mp4parser\boxes\apple\AppleAlbumBox.java
C:\dev\mp4parser\target\checkout\isoparser\src\main\java\org\mp4parser\boxes\apple\AppleAppleIdBox.java
C:\dev\mp4parser\target\checkout\isoparser\src\main\java\org\mp4parser\boxes\apple\AppleArtist2Box.java
C:\dev\mp4parser\target\checkout\isoparser\src\main\java\org\mp4parser\boxes\apple\AppleArtistBox.java
C:\dev\mp4parser\target\checkout\isoparser\src\main\java\org\mp4parser\boxes\apple\AppleCommentBox.java
C:\dev\mp4parser\target\checkout\isoparser\src\main\java\org\mp4parser\boxes\apple\AppleCompilationBox.java
C:\dev\mp4parser\target\checkout\isoparser\src\main\java\org\mp4parser\boxes\apple\AppleCopyrightBox.java
C:\dev\mp4parser\target\checkout\isoparser\src\main\java\org\mp4parser\boxes\apple\AppleCountryTypeBoxBox.java
C:\dev\mp4parser\target\checkout\isoparser\src\main\java\org\mp4parser\boxes\apple\AppleCoverBox.java
C:\dev\mp4parser\target\checkout\isoparser\src\main\java\org\mp4parser\boxes\apple\AppleDataBox.java
C:\dev\mp4parser\target\checkout\isoparser\src\main\java\org\mp4parser\boxes\apple\AppleDataRateBox.java
C:\dev\mp4parser\target\checkout\isoparser\src\main\java\org\mp4parser\boxes\apple\AppleDataReferenceBox.java
C:\dev\mp4parser\target\checkout\isoparser\src\main\java\org\mp4parser\boxes\apple\AppleDescriptionBox.java
C:\dev\mp4parser\target\checkout\isoparser\src\main\java\org\mp4parser\boxes\apple\AppleDiskNumberBox.java
C:\dev\mp4parser\target\checkout\isoparser\src\main\java\org\mp4parser\boxes\apple\AppleEncoderBox.java
C:\dev\mp4parser\target\checkout\isoparser\src\main\java\org\mp4parser\boxes\apple\AppleGaplessPlaybackBox.java
C:\dev\mp4parser\target\checkout\isoparser\src\main\java\org\mp4parser\boxes\apple\AppleGenreBox.java
C:\dev\mp4parser\target\checkout\isoparser\src\main\java\org\mp4parser\boxes\apple\AppleGenreIDBox.java
C:\dev\mp4parser\target\checkout\isoparser\src\main\java\org\mp4parser\boxes\apple\AppleGPSCoordinatesBox.java
C:\dev\mp4parser\target\checkout\isoparser\src\main\java\org\mp4parser\boxes\apple\AppleGroupingBox.java
C:\dev\mp4parser\target\checkout\isoparser\src\main\java\org\mp4parser\boxes\apple\AppleItemListBox.java
C:\dev\mp4parser\target\checkout\isoparser\src\main\java\org\mp4parser\boxes\apple\AppleLongDescriptionBox.java
C:\dev\mp4parser\target\checkout\isoparser\src\main\java\org\mp4parser\boxes\apple\AppleLosslessSpecificBox.java
C:\dev\mp4parser\target\checkout\isoparser\src\main\java\org\mp4parser\boxes\apple\AppleLyricsBox.java
C:\dev\mp4parser\target\checkout\isoparser\src\main\java\org\mp4parser\boxes\apple\AppleMediaTypeBox.java
C:\dev\mp4parser\target\checkout\isoparser\src\main\java\org\mp4parser\boxes\apple\AppleNameBox.java
C:\dev\mp4parser\target\checkout\isoparser\src\main\java\org\mp4parser\boxes\apple\ApplePurchaseDateBox.java
C:\dev\mp4parser\target\checkout\isoparser\src\main\java\org\mp4parser\boxes\apple\AppleRecordingYear2Box.java
C:\dev\mp4parser\target\checkout\isoparser\src\main\java\org\mp4parser\boxes\apple\AppleRecordingYearBox.java
C:\dev\mp4parser\target\checkout\isoparser\src\main\java\org\mp4parser\boxes\apple\AppleReferenceMovieBox.java
C:\dev\mp4parser\target\checkout\isoparser\src\main\java\org\mp4parser\boxes\apple\AppleReferenceMovieDescriptorBox.java
C:\dev\mp4parser\target\checkout\isoparser\src\main\java\org\mp4parser\boxes\apple\AppleShortDescriptionBox.java
C:\dev\mp4parser\target\checkout\isoparser\src\main\java\org\mp4parser\boxes\apple\AppleSortAlbumBox.java
C:\dev\mp4parser\target\checkout\isoparser\src\main\java\org\mp4parser\boxes\apple\AppleTempoBox.java
C:\dev\mp4parser\target\checkout\isoparser\src\main\java\org\mp4parser\boxes\apple\AppleTrackAuthorBox.java
C:\dev\mp4parser\target\checkout\isoparser\src\main\java\org\mp4parser\boxes\apple\AppleTrackNumberBox.java
C:\dev\mp4parser\target\checkout\isoparser\src\main\java\org\mp4parser\boxes\apple\AppleTVEpisodeBox.java
C:\dev\mp4parser\target\checkout\isoparser\src\main\java\org\mp4parser\boxes\apple\AppleTVEpisodeNumberBox.java
C:\dev\mp4parser\target\checkout\isoparser\src\main\java\org\mp4parser\boxes\apple\AppleTVNetworkBox.java
C:\dev\mp4parser\target\checkout\isoparser\src\main\java\org\mp4parser\boxes\apple\AppleTVSeasonBox.java
C:\dev\mp4parser\target\checkout\isoparser\src\main\java\org\mp4parser\boxes\apple\AppleTVShowBox.java
C:\dev\mp4parser\target\checkout\isoparser\src\main\java\org\mp4parser\boxes\apple\AppleVariableSignedIntegerBox.java
C:\dev\mp4parser\target\checkout\isoparser\src\main\java\org\mp4parser\boxes\apple\AppleWaveBox.java
C:\dev\mp4parser\target\checkout\isoparser\src\main\java\org\mp4parser\boxes\apple\Apple_atIDBox.java
C:\dev\mp4parser\target\checkout\isoparser\src\main\java\org\mp4parser\boxes\apple\Apple_flvr_Box.java
C:\dev\mp4parser\target\checkout\isoparser\src\main\java\org\mp4parser\boxes\apple\Apple_geIDBox.java
C:\dev\mp4parser\target\checkout\isoparser\src\main\java\org\mp4parser\boxes\apple\Apple_xid_Box.java
C:\dev\mp4parser\target\checkout\isoparser\src\main\java\org\mp4parser\boxes\apple\BaseMediaInfoAtom.java
C:\dev\mp4parser\target\checkout\isoparser\src\main\java\org\mp4parser\boxes\apple\CleanApertureAtom.java
C:\dev\mp4parser\target\checkout\isoparser\src\main\java\org\mp4parser\boxes\apple\GenericMediaHeaderAtom.java
C:\dev\mp4parser\target\checkout\isoparser\src\main\java\org\mp4parser\boxes\apple\GenericMediaHeaderTextAtom.java
C:\dev\mp4parser\target\checkout\isoparser\src\main\java\org\mp4parser\boxes\apple\PixelAspectRationAtom.java
C:\dev\mp4parser\target\checkout\isoparser\src\main\java\org\mp4parser\boxes\apple\QuicktimeTextSampleEntry.java
C:\dev\mp4parser\target\checkout\isoparser\src\main\java\org\mp4parser\boxes\apple\TimeCodeBox.java
C:\dev\mp4parser\target\checkout\isoparser\src\main\java\org\mp4parser\boxes\apple\TrackApertureModeDimensionAtom.java
C:\dev\mp4parser\target\checkout\isoparser\src\main\java\org\mp4parser\boxes\apple\TrackEncodedPixelsDimensionsAtom.java
C:\dev\mp4parser\target\checkout\isoparser\src\main\java\org\mp4parser\boxes\apple\TrackLoadSettingsAtom.java
C:\dev\mp4parser\target\checkout\isoparser\src\main\java\org\mp4parser\boxes\apple\TrackProductionApertureDimensionsAtom.java
C:\dev\mp4parser\target\checkout\isoparser\src\main\java\org\mp4parser\boxes\apple\Utf8AppleDataBox.java
C:\dev\mp4parser\target\checkout\isoparser\src\main\java\org\mp4parser\boxes\dece\AssetInformationBox.java
C:\dev\mp4parser\target\checkout\isoparser\src\main\java\org\mp4parser\boxes\dece\AvcNalUnitStorageBox.java
C:\dev\mp4parser\target\checkout\isoparser\src\main\java\org\mp4parser\boxes\dece\BaseLocationBox.java
C:\dev\mp4parser\target\checkout\isoparser\src\main\java\org\mp4parser\boxes\dece\ContentInformationBox.java
C:\dev\mp4parser\target\checkout\isoparser\src\main\java\org\mp4parser\boxes\dece\TrickPlayBox.java
C:\dev\mp4parser\target\checkout\isoparser\src\main\java\org\mp4parser\boxes\dolby\AC3SpecificBox.java
C:\dev\mp4parser\target\checkout\isoparser\src\main\java\org\mp4parser\boxes\dolby\DTSSpecificBox.java
C:\dev\mp4parser\target\checkout\isoparser\src\main\java\org\mp4parser\boxes\dolby\EC3SpecificBox.java
C:\dev\mp4parser\target\checkout\isoparser\src\main\java\org\mp4parser\boxes\dolby\MLPSpecificBox.java
C:\dev\mp4parser\target\checkout\isoparser\src\main\java\org\mp4parser\boxes\iso14496\part1\objectdescriptors\AudioSpecificConfig.java
C:\dev\mp4parser\target\checkout\isoparser\src\main\java\org\mp4parser\boxes\iso14496\part1\objectdescriptors\BaseDescriptor.java
C:\dev\mp4parser\target\checkout\isoparser\src\main\java\org\mp4parser\boxes\iso14496\part1\objectdescriptors\BitReaderBuffer.java
C:\dev\mp4parser\target\checkout\isoparser\src\main\java\org\mp4parser\boxes\iso14496\part1\objectdescriptors\BitWriterBuffer.java
C:\dev\mp4parser\target\checkout\isoparser\src\main\java\org\mp4parser\boxes\iso14496\part1\objectdescriptors\DecoderConfigDescriptor.java
C:\dev\mp4parser\target\checkout\isoparser\src\main\java\org\mp4parser\boxes\iso14496\part1\objectdescriptors\DecoderSpecificInfo.java
C:\dev\mp4parser\target\checkout\isoparser\src\main\java\org\mp4parser\boxes\iso14496\part1\objectdescriptors\Descriptor.java
C:\dev\mp4parser\target\checkout\isoparser\src\main\java\org\mp4parser\boxes\iso14496\part1\objectdescriptors\ESDescriptor.java
C:\dev\mp4parser\target\checkout\isoparser\src\main\java\org\mp4parser\boxes\iso14496\part1\objectdescriptors\ExtensionDescriptor.java
C:\dev\mp4parser\target\checkout\isoparser\src\main\java\org\mp4parser\boxes\iso14496\part1\objectdescriptors\ExtensionProfileLevelDescriptor.java
C:\dev\mp4parser\target\checkout\isoparser\src\main\java\org\mp4parser\boxes\iso14496\part1\objectdescriptors\InitialObjectDescriptor.java
C:\dev\mp4parser\target\checkout\isoparser\src\main\java\org\mp4parser\boxes\iso14496\part1\objectdescriptors\ObjectDescriptorBase.java
C:\dev\mp4parser\target\checkout\isoparser\src\main\java\org\mp4parser\boxes\iso14496\part1\objectdescriptors\ObjectDescriptorFactory.java
C:\dev\mp4parser\target\checkout\isoparser\src\main\java\org\mp4parser\boxes\iso14496\part1\objectdescriptors\ProfileLevelIndicationDescriptor.java
C:\dev\mp4parser\target\checkout\isoparser\src\main\java\org\mp4parser\boxes\iso14496\part1\objectdescriptors\SLConfigDescriptor.java
C:\dev\mp4parser\target\checkout\isoparser\src\main\java\org\mp4parser\boxes\iso14496\part1\objectdescriptors\UnknownDescriptor.java
C:\dev\mp4parser\target\checkout\isoparser\src\main\java\org\mp4parser\boxes\iso14496\part12\AbstractMediaHeaderBox.java
C:\dev\mp4parser\target\checkout\isoparser\src\main\java\org\mp4parser\boxes\iso14496\part12\BitRateBox.java
C:\dev\mp4parser\target\checkout\isoparser\src\main\java\org\mp4parser\boxes\iso14496\part12\ChunkOffset64BitBox.java
C:\dev\mp4parser\target\checkout\isoparser\src\main\java\org\mp4parser\boxes\iso14496\part12\ChunkOffsetBox.java
C:\dev\mp4parser\target\checkout\isoparser\src\main\java\org\mp4parser\boxes\iso14496\part12\CompositionTimeToSample.java
C:\dev\mp4parser\target\checkout\isoparser\src\main\java\org\mp4parser\boxes\iso14496\part12\CompositionToDecodeBox.java
C:\dev\mp4parser\target\checkout\isoparser\src\main\java\org\mp4parser\boxes\iso14496\part12\DataEntryUrlBox.java
C:\dev\mp4parser\target\checkout\isoparser\src\main\java\org\mp4parser\boxes\iso14496\part12\DataEntryUrnBox.java
C:\dev\mp4parser\target\checkout\isoparser\src\main\java\org\mp4parser\boxes\iso14496\part12\DataInformationBox.java
C:\dev\mp4parser\target\checkout\isoparser\src\main\java\org\mp4parser\boxes\iso14496\part12\DataReferenceBox.java
C:\dev\mp4parser\target\checkout\isoparser\src\main\java\org\mp4parser\boxes\iso14496\part12\DegradationPriorityBox.java
C:\dev\mp4parser\target\checkout\isoparser\src\main\java\org\mp4parser\boxes\iso14496\part12\EditBox.java
C:\dev\mp4parser\target\checkout\isoparser\src\main\java\org\mp4parser\boxes\iso14496\part12\EditListBox.java
C:\dev\mp4parser\target\checkout\isoparser\src\main\java\org\mp4parser\boxes\iso14496\part12\FileTypeBox.java
C:\dev\mp4parser\target\checkout\isoparser\src\main\java\org\mp4parser\boxes\iso14496\part12\FreeBox.java
C:\dev\mp4parser\target\checkout\isoparser\src\main\java\org\mp4parser\boxes\iso14496\part12\FreeSpaceBox.java
C:\dev\mp4parser\target\checkout\isoparser\src\main\java\org\mp4parser\boxes\iso14496\part12\HandlerBox.java
C:\dev\mp4parser\target\checkout\isoparser\src\main\java\org\mp4parser\boxes\iso14496\part12\HintMediaHeaderBox.java
C:\dev\mp4parser\target\checkout\isoparser\src\main\java\org\mp4parser\boxes\iso14496\part12\HintSampleEntry.java
C:\dev\mp4parser\target\checkout\isoparser\src\main\java\org\mp4parser\boxes\iso14496\part12\ItemDataBox.java
C:\dev\mp4parser\target\checkout\isoparser\src\main\java\org\mp4parser\boxes\iso14496\part12\ItemLocationBox.java
C:\dev\mp4parser\target\checkout\isoparser\src\main\java\org\mp4parser\boxes\iso14496\part12\ItemProtectionBox.java
C:\dev\mp4parser\target\checkout\isoparser\src\main\java\org\mp4parser\boxes\iso14496\part12\MediaBox.java
C:\dev\mp4parser\target\checkout\isoparser\src\main\java\org\mp4parser\boxes\iso14496\part12\MediaDataBox.java
C:\dev\mp4parser\target\checkout\isoparser\src\main\java\org\mp4parser\boxes\iso14496\part12\MediaHeaderBox.java
C:\dev\mp4parser\target\checkout\isoparser\src\main\java\org\mp4parser\boxes\iso14496\part12\MediaInformationBox.java
C:\dev\mp4parser\target\checkout\isoparser\src\main\java\org\mp4parser\boxes\iso14496\part12\MetaBox.java
C:\dev\mp4parser\target\checkout\isoparser\src\main\java\org\mp4parser\boxes\iso14496\part12\MovieBox.java
C:\dev\mp4parser\target\checkout\isoparser\src\main\java\org\mp4parser\boxes\iso14496\part12\MovieExtendsBox.java
C:\dev\mp4parser\target\checkout\isoparser\src\main\java\org\mp4parser\boxes\iso14496\part12\MovieExtendsHeaderBox.java
C:\dev\mp4parser\target\checkout\isoparser\src\main\java\org\mp4parser\boxes\iso14496\part12\MovieFragmentBox.java
C:\dev\mp4parser\target\checkout\isoparser\src\main\java\org\mp4parser\boxes\iso14496\part12\MovieFragmentHeaderBox.java
C:\dev\mp4parser\target\checkout\isoparser\src\main\java\org\mp4parser\boxes\iso14496\part12\MovieFragmentRandomAccessBox.java
C:\dev\mp4parser\target\checkout\isoparser\src\main\java\org\mp4parser\boxes\iso14496\part12\MovieFragmentRandomAccessOffsetBox.java
C:\dev\mp4parser\target\checkout\isoparser\src\main\java\org\mp4parser\boxes\iso14496\part12\MovieHeaderBox.java
C:\dev\mp4parser\target\checkout\isoparser\src\main\java\org\mp4parser\boxes\iso14496\part12\NullMediaHeaderBox.java
C:\dev\mp4parser\target\checkout\isoparser\src\main\java\org\mp4parser\boxes\iso14496\part12\OriginalFormatBox.java
C:\dev\mp4parser\target\checkout\isoparser\src\main\java\org\mp4parser\boxes\iso14496\part12\ProgressiveDownloadInformationBox.java
C:\dev\mp4parser\target\checkout\isoparser\src\main\java\org\mp4parser\boxes\iso14496\part12\ProtectionSchemeInformationBox.java
C:\dev\mp4parser\target\checkout\isoparser\src\main\java\org\mp4parser\boxes\iso14496\part12\SampleAuxiliaryInformationOffsetsBox.java
C:\dev\mp4parser\target\checkout\isoparser\src\main\java\org\mp4parser\boxes\iso14496\part12\SampleAuxiliaryInformationSizesBox.java
C:\dev\mp4parser\target\checkout\isoparser\src\main\java\org\mp4parser\boxes\iso14496\part12\SampleDependencyTypeBox.java
C:\dev\mp4parser\target\checkout\isoparser\src\main\java\org\mp4parser\boxes\iso14496\part12\SampleDescriptionBox.java
C:\dev\mp4parser\target\checkout\isoparser\src\main\java\org\mp4parser\boxes\iso14496\part12\SampleFlags.java
C:\dev\mp4parser\target\checkout\isoparser\src\main\java\org\mp4parser\boxes\iso14496\part12\SampleSizeBox.java
C:\dev\mp4parser\target\checkout\isoparser\src\main\java\org\mp4parser\boxes\iso14496\part12\SampleTableBox.java
C:\dev\mp4parser\target\checkout\isoparser\src\main\java\org\mp4parser\boxes\iso14496\part12\SampleToChunkBox.java
C:\dev\mp4parser\target\checkout\isoparser\src\main\java\org\mp4parser\boxes\iso14496\part12\SchemeInformationBox.java
C:\dev\mp4parser\target\checkout\isoparser\src\main\java\org\mp4parser\boxes\iso14496\part12\SchemeTypeBox.java
C:\dev\mp4parser\target\checkout\isoparser\src\main\java\org\mp4parser\boxes\iso14496\part12\SegmentIndexBox.java
C:\dev\mp4parser\target\checkout\isoparser\src\main\java\org\mp4parser\boxes\iso14496\part12\SegmentTypeBox.java
C:\dev\mp4parser\target\checkout\isoparser\src\main\java\org\mp4parser\boxes\iso14496\part12\SoundMediaHeaderBox.java
C:\dev\mp4parser\target\checkout\isoparser\src\main\java\org\mp4parser\boxes\iso14496\part12\StaticChunkOffsetBox.java
C:\dev\mp4parser\target\checkout\isoparser\src\main\java\org\mp4parser\boxes\iso14496\part12\SubSampleInformationBox.java
C:\dev\mp4parser\target\checkout\isoparser\src\main\java\org\mp4parser\boxes\iso14496\part12\SubtitleMediaHeaderBox.java
C:\dev\mp4parser\target\checkout\isoparser\src\main\java\org\mp4parser\boxes\iso14496\part12\SyncSampleBox.java
C:\dev\mp4parser\target\checkout\isoparser\src\main\java\org\mp4parser\boxes\iso14496\part12\TimeToSampleBox.java
C:\dev\mp4parser\target\checkout\isoparser\src\main\java\org\mp4parser\boxes\iso14496\part12\TrackBox.java
C:\dev\mp4parser\target\checkout\isoparser\src\main\java\org\mp4parser\boxes\iso14496\part12\TrackExtendsBox.java
C:\dev\mp4parser\target\checkout\isoparser\src\main\java\org\mp4parser\boxes\iso14496\part12\TrackFragmentBaseMediaDecodeTimeBox.java
C:\dev\mp4parser\target\checkout\isoparser\src\main\java\org\mp4parser\boxes\iso14496\part12\TrackFragmentBox.java
C:\dev\mp4parser\target\checkout\isoparser\src\main\java\org\mp4parser\boxes\iso14496\part12\TrackFragmentHeaderBox.java
C:\dev\mp4parser\target\checkout\isoparser\src\main\java\org\mp4parser\boxes\iso14496\part12\TrackFragmentRandomAccessBox.java
C:\dev\mp4parser\target\checkout\isoparser\src\main\java\org\mp4parser\boxes\iso14496\part12\TrackHeaderBox.java
C:\dev\mp4parser\target\checkout\isoparser\src\main\java\org\mp4parser\boxes\iso14496\part12\TrackReferenceBox.java
C:\dev\mp4parser\target\checkout\isoparser\src\main\java\org\mp4parser\boxes\iso14496\part12\TrackReferenceTypeBox.java
C:\dev\mp4parser\target\checkout\isoparser\src\main\java\org\mp4parser\boxes\iso14496\part12\TrackRunBox.java
C:\dev\mp4parser\target\checkout\isoparser\src\main\java\org\mp4parser\boxes\iso14496\part12\UserDataBox.java
C:\dev\mp4parser\target\checkout\isoparser\src\main\java\org\mp4parser\boxes\iso14496\part12\VideoMediaHeaderBox.java
C:\dev\mp4parser\target\checkout\isoparser\src\main\java\org\mp4parser\boxes\iso14496\part12\XmlBox.java
C:\dev\mp4parser\target\checkout\isoparser\src\main\java\org\mp4parser\boxes\iso14496\part14\AbstractDescriptorBox.java
C:\dev\mp4parser\target\checkout\isoparser\src\main\java\org\mp4parser\boxes\iso14496\part14\ESDescriptorBox.java
C:\dev\mp4parser\target\checkout\isoparser\src\main\java\org\mp4parser\boxes\iso14496\part15\AvcConfigurationBox.java
C:\dev\mp4parser\target\checkout\isoparser\src\main\java\org\mp4parser\boxes\iso14496\part15\AvcDecoderConfigurationRecord.java
C:\dev\mp4parser\target\checkout\isoparser\src\main\java\org\mp4parser\boxes\iso14496\part15\HevcConfigurationBox.java
C:\dev\mp4parser\target\checkout\isoparser\src\main\java\org\mp4parser\boxes\iso14496\part15\HevcDecoderConfigurationRecord.java
C:\dev\mp4parser\target\checkout\isoparser\src\main\java\org\mp4parser\boxes\iso14496\part15\PriotityRangeBox.java
C:\dev\mp4parser\target\checkout\isoparser\src\main\java\org\mp4parser\boxes\iso14496\part15\StepwiseTemporalLayerEntry.java
C:\dev\mp4parser\target\checkout\isoparser\src\main\java\org\mp4parser\boxes\iso14496\part15\SyncSampleEntry.java
C:\dev\mp4parser\target\checkout\isoparser\src\main\java\org\mp4parser\boxes\iso14496\part15\TemporalLayerSampleGroup.java
C:\dev\mp4parser\target\checkout\isoparser\src\main\java\org\mp4parser\boxes\iso14496\part15\TemporalSubLayerSampleGroup.java
C:\dev\mp4parser\target\checkout\isoparser\src\main\java\org\mp4parser\boxes\iso14496\part15\TierBitRateBox.java
C:\dev\mp4parser\target\checkout\isoparser\src\main\java\org\mp4parser\boxes\iso14496\part15\TierInfoBox.java
C:\dev\mp4parser\target\checkout\isoparser\src\main\java\org\mp4parser\boxes\iso14496\part30\WebVTTConfigurationBox.java
C:\dev\mp4parser\target\checkout\isoparser\src\main\java\org\mp4parser\boxes\iso14496\part30\WebVTTSampleEntry.java
C:\dev\mp4parser\target\checkout\isoparser\src\main\java\org\mp4parser\boxes\iso14496\part30\WebVTTSourceLabelBox.java
C:\dev\mp4parser\target\checkout\isoparser\src\main\java\org\mp4parser\boxes\iso14496\part30\XMLSubtitleSampleEntry.java
C:\dev\mp4parser\target\checkout\isoparser\src\main\java\org\mp4parser\boxes\iso23001\part7\AbstractSampleEncryptionBox.java
C:\dev\mp4parser\target\checkout\isoparser\src\main\java\org\mp4parser\boxes\iso23001\part7\AbstractTrackEncryptionBox.java
C:\dev\mp4parser\target\checkout\isoparser\src\main\java\org\mp4parser\boxes\iso23001\part7\CencSampleAuxiliaryDataFormat.java
C:\dev\mp4parser\target\checkout\isoparser\src\main\java\org\mp4parser\boxes\iso23001\part7\ProtectionSystemSpecificHeaderBox.java
C:\dev\mp4parser\target\checkout\isoparser\src\main\java\org\mp4parser\boxes\iso23001\part7\SampleEncryptionBox.java
C:\dev\mp4parser\target\checkout\isoparser\src\main\java\org\mp4parser\boxes\iso23001\part7\TrackEncryptionBox.java
C:\dev\mp4parser\target\checkout\isoparser\src\main\java\org\mp4parser\boxes\iso23009\part1\EventMessageBox.java
C:\dev\mp4parser\target\checkout\isoparser\src\main\java\org\mp4parser\boxes\microsoft\contentprotection\GenericHeader.java
C:\dev\mp4parser\target\checkout\isoparser\src\main\java\org\mp4parser\boxes\microsoft\contentprotection\PlayReadyHeader.java
C:\dev\mp4parser\target\checkout\isoparser\src\main\java\org\mp4parser\boxes\microsoft\PiffSampleEncryptionBox.java
C:\dev\mp4parser\target\checkout\isoparser\src\main\java\org\mp4parser\boxes\microsoft\PiffTrackEncryptionBox.java
C:\dev\mp4parser\target\checkout\isoparser\src\main\java\org\mp4parser\boxes\microsoft\ProtectionSpecificHeader.java
C:\dev\mp4parser\target\checkout\isoparser\src\main\java\org\mp4parser\boxes\microsoft\TfrfBox.java
C:\dev\mp4parser\target\checkout\isoparser\src\main\java\org\mp4parser\boxes\microsoft\TfxdBox.java
C:\dev\mp4parser\target\checkout\isoparser\src\main\java\org\mp4parser\boxes\microsoft\UuidBasedProtectionSystemSpecificHeaderBox.java
C:\dev\mp4parser\target\checkout\isoparser\src\main\java\org\mp4parser\boxes\microsoft\XtraBox.java
C:\dev\mp4parser\target\checkout\isoparser\src\main\java\org\mp4parser\boxes\oma\OmaDrmAccessUnitFormatBox.java
C:\dev\mp4parser\target\checkout\isoparser\src\main\java\org\mp4parser\boxes\sampleentry\AbstractSampleEntry.java
C:\dev\mp4parser\target\checkout\isoparser\src\main\java\org\mp4parser\boxes\sampleentry\AmrSpecificBox.java
C:\dev\mp4parser\target\checkout\isoparser\src\main\java\org\mp4parser\boxes\sampleentry\AudioSampleEntry.java
C:\dev\mp4parser\target\checkout\isoparser\src\main\java\org\mp4parser\boxes\sampleentry\MpegSampleEntry.java
C:\dev\mp4parser\target\checkout\isoparser\src\main\java\org\mp4parser\boxes\sampleentry\Ovc1VisualSampleEntryImpl.java
C:\dev\mp4parser\target\checkout\isoparser\src\main\java\org\mp4parser\boxes\sampleentry\SampleEntry.java
C:\dev\mp4parser\target\checkout\isoparser\src\main\java\org\mp4parser\boxes\sampleentry\TextSampleEntry.java
C:\dev\mp4parser\target\checkout\isoparser\src\main\java\org\mp4parser\boxes\sampleentry\VisualSampleEntry.java
C:\dev\mp4parser\target\checkout\isoparser\src\main\java\org\mp4parser\boxes\samplegrouping\CencSampleEncryptionInformationGroupEntry.java
C:\dev\mp4parser\target\checkout\isoparser\src\main\java\org\mp4parser\boxes\samplegrouping\GroupEntry.java
C:\dev\mp4parser\target\checkout\isoparser\src\main\java\org\mp4parser\boxes\samplegrouping\RateShareEntry.java
C:\dev\mp4parser\target\checkout\isoparser\src\main\java\org\mp4parser\boxes\samplegrouping\RollRecoveryEntry.java
C:\dev\mp4parser\target\checkout\isoparser\src\main\java\org\mp4parser\boxes\samplegrouping\SampleGroupDescriptionBox.java
C:\dev\mp4parser\target\checkout\isoparser\src\main\java\org\mp4parser\boxes\samplegrouping\SampleToGroupBox.java
C:\dev\mp4parser\target\checkout\isoparser\src\main\java\org\mp4parser\boxes\samplegrouping\TemporalLevelEntry.java
C:\dev\mp4parser\target\checkout\isoparser\src\main\java\org\mp4parser\boxes\samplegrouping\UnknownEntry.java
C:\dev\mp4parser\target\checkout\isoparser\src\main\java\org\mp4parser\boxes\samplegrouping\VisualRandomAccessEntry.java
C:\dev\mp4parser\target\checkout\isoparser\src\main\java\org\mp4parser\boxes\threegpp\ts26244\AlbumBox.java
C:\dev\mp4parser\target\checkout\isoparser\src\main\java\org\mp4parser\boxes\threegpp\ts26244\AuthorBox.java
C:\dev\mp4parser\target\checkout\isoparser\src\main\java\org\mp4parser\boxes\threegpp\ts26244\ClassificationBox.java
C:\dev\mp4parser\target\checkout\isoparser\src\main\java\org\mp4parser\boxes\threegpp\ts26244\CopyrightBox.java
C:\dev\mp4parser\target\checkout\isoparser\src\main\java\org\mp4parser\boxes\threegpp\ts26244\DescriptionBox.java
C:\dev\mp4parser\target\checkout\isoparser\src\main\java\org\mp4parser\boxes\threegpp\ts26244\GenreBox.java
C:\dev\mp4parser\target\checkout\isoparser\src\main\java\org\mp4parser\boxes\threegpp\ts26244\KeywordsBox.java
C:\dev\mp4parser\target\checkout\isoparser\src\main\java\org\mp4parser\boxes\threegpp\ts26244\LocationInformationBox.java
C:\dev\mp4parser\target\checkout\isoparser\src\main\java\org\mp4parser\boxes\threegpp\ts26244\PerformerBox.java
C:\dev\mp4parser\target\checkout\isoparser\src\main\java\org\mp4parser\boxes\threegpp\ts26244\RatingBox.java
C:\dev\mp4parser\target\checkout\isoparser\src\main\java\org\mp4parser\boxes\threegpp\ts26244\RecordingYearBox.java
C:\dev\mp4parser\target\checkout\isoparser\src\main\java\org\mp4parser\boxes\threegpp\ts26244\TitleBox.java
C:\dev\mp4parser\target\checkout\isoparser\src\main\java\org\mp4parser\boxes\threegpp\ts26245\FontTableBox.java
C:\dev\mp4parser\target\checkout\isoparser\src\main\java\org\mp4parser\boxes\UnknownBox.java
C:\dev\mp4parser\target\checkout\isoparser\src\main\java\org\mp4parser\boxes\UserBox.java
C:\dev\mp4parser\target\checkout\isoparser\src\main\java\org\mp4parser\BoxParser.java
C:\dev\mp4parser\target\checkout\isoparser\src\main\java\org\mp4parser\Container.java
C:\dev\mp4parser\target\checkout\isoparser\src\main\java\org\mp4parser\FullBox.java
C:\dev\mp4parser\target\checkout\isoparser\src\main\java\org\mp4parser\IsoFile.java
C:\dev\mp4parser\target\checkout\isoparser\src\main\java\org\mp4parser\ParsableBox.java
C:\dev\mp4parser\target\checkout\isoparser\src\main\java\org\mp4parser\PropertyBoxParserImpl.java
C:\dev\mp4parser\target\checkout\isoparser\src\main\java\org\mp4parser\support\AbstractBox.java
C:\dev\mp4parser\target\checkout\isoparser\src\main\java\org\mp4parser\support\AbstractContainerBox.java
C:\dev\mp4parser\target\checkout\isoparser\src\main\java\org\mp4parser\support\AbstractFullBox.java
C:\dev\mp4parser\target\checkout\isoparser\src\main\java\org\mp4parser\support\AndroidLogger.java
C:\dev\mp4parser\target\checkout\isoparser\src\main\java\org\mp4parser\support\BoxComparator.java
C:\dev\mp4parser\target\checkout\isoparser\src\main\java\org\mp4parser\support\DoNotParseDetail.java
C:\dev\mp4parser\target\checkout\isoparser\src\main\java\org\mp4parser\support\FullContainerBox.java
C:\dev\mp4parser\target\checkout\isoparser\src\main\java\org\mp4parser\support\JuliLogger.java
C:\dev\mp4parser\target\checkout\isoparser\src\main\java\org\mp4parser\support\Logger.java
C:\dev\mp4parser\target\checkout\isoparser\src\main\java\org\mp4parser\support\Matrix.java
C:\dev\mp4parser\target\checkout\isoparser\src\main\java\org\mp4parser\support\ParseDetail.java
C:\dev\mp4parser\target\checkout\isoparser\src\main\java\org\mp4parser\support\RequiresParseDetailAspect.java
C:\dev\mp4parser\target\checkout\isoparser\src\main\java\org\mp4parser\tools\Ascii.java
C:\dev\mp4parser\target\checkout\isoparser\src\main\java\org\mp4parser\tools\ByteBufferByteChannel.java
C:\dev\mp4parser\target\checkout\isoparser\src\main\java\org\mp4parser\tools\CastUtils.java
C:\dev\mp4parser\target\checkout\isoparser\src\main\java\org\mp4parser\tools\DateHelper.java
C:\dev\mp4parser\target\checkout\isoparser\src\main\java\org\mp4parser\tools\Hex.java
C:\dev\mp4parser\target\checkout\isoparser\src\main\java\org\mp4parser\tools\IsoTypeReader.java
C:\dev\mp4parser\target\checkout\isoparser\src\main\java\org\mp4parser\tools\IsoTypeReaderVariable.java
C:\dev\mp4parser\target\checkout\isoparser\src\main\java\org\mp4parser\tools\IsoTypeWriter.java
C:\dev\mp4parser\target\checkout\isoparser\src\main\java\org\mp4parser\tools\IsoTypeWriterVariable.java
C:\dev\mp4parser\target\checkout\isoparser\src\main\java\org\mp4parser\tools\Mp4Arrays.java
C:\dev\mp4parser\target\checkout\isoparser\src\main\java\org\mp4parser\tools\Mp4Math.java
C:\dev\mp4parser\target\checkout\isoparser\src\main\java\org\mp4parser\tools\Offsets.java
C:\dev\mp4parser\target\checkout\isoparser\src\main\java\org\mp4parser\tools\Path.java
C:\dev\mp4parser\target\checkout\isoparser\src\main\java\org\mp4parser\tools\RangeStartMap.java
C:\dev\mp4parser\target\checkout\isoparser\src\main\java\org\mp4parser\tools\Utf8.java
C:\dev\mp4parser\target\checkout\isoparser\src\main\java\org\mp4parser\tools\UUIDConverter.java
C:\dev\mp4parser\target\checkout\isoparser\src\main\java\org\mp4parser\Version.java
